<?xml version="1.0" encoding="UTF-8"?>
<!-- Generated by org.testng.reporters.JUnitReportReporter -->
<testsuite hostname="selenium22" failures="0" tests="1" name="Tasks.Parry_Hotter_Project.DisplayWeb" time="9.958" errors="0" timestamp="2024-12-14T15:28:14 IST" skipped="0">
  <testcase classname="Tasks.Parry_Hotter_Project.DisplayWeb" name="addToCart" time="9.958"/>
</testsuite> <!-- Tasks.Parry_Hotter_Project.DisplayWeb -->
