<?xml version="1.0" encoding="UTF-8"?>
<!-- Generated by org.testng.reporters.JUnitReportReporter -->
<testsuite hostname="selenium22" failures="0" tests="4" name="testScript.GoogleTestSearch" time="12.031" errors="0" timestamp="2024-12-12T13:16:37 IST" skipped="1">
  <testcase classname="testScript.GoogleTestSearch" name="javaTutorial" time="4.388"/>
  <system-out/>
  <testcase classname="testScript.GoogleTestSearch" name="cucumberTutorial" time="3.710"/>
  <system-out/>
  <testcase classname="testScript.GoogleTestSearch" name="seleniumTutorial" time="3.933"/>
  <system-out/>
  <testcase classname="testScript.GoogleTestSearch" name="appiumTutorial">
    <skipped/>
  </testcase> <!-- appiumTutorial -->
  <system-out/>
</testsuite> <!-- testScript.GoogleTestSearch -->
