<?xml version="1.0" encoding="UTF-8"?>
<!-- Generated by org.testng.reporters.JUnitReportReporter -->
<testsuite hostname="selenium22" failures="0" tests="1" name="testScript.MouseAction" time="8.030" errors="0" timestamp="2024-12-11T11:54:12 IST" skipped="0">
  <testcase classname="testScript.MouseAction" name="f" time="8.030"/>
  <system-out/>
</testsuite> <!-- testScript.MouseAction -->
