<?xml version="1.0" encoding="UTF-8"?>
<!-- Generated by org.testng.reporters.JUnitReportReporter -->
<testsuite hostname="selenium22" failures="0" tests="1" name="testScript.PageLoadTest" time="11.185" errors="0" timestamp="2024-12-12T11:16:54 IST" skipped="0">
  <testcase classname="testScript.PageLoadTest" name="f" time="11.185"/>
  <system-out/>
</testsuite> <!-- testScript.PageLoadTest -->
