<?xml version="1.0" encoding="UTF-8"?>
<!-- Generated by org.testng.reporters.JUnitReportReporter -->
<testsuite hostname="selenium22" failures="0" tests="1" name="testScript.RedioButton" time="9.473" errors="0" timestamp="2024-12-10T15:01:38 IST" skipped="0">
  <testcase classname="testScript.RedioButton" name="rediobutton" time="9.473"/>
  <system-out/>
</testsuite> <!-- testScript.RedioButton -->
