<?xml version="1.0" encoding="UTF-8"?>
<!-- Generated by org.testng.reporters.JUnitReportReporter -->
<testsuite hostname="selenium22" failures="0" tests="1" name="testScript.RelativeLocotors" time="4.761" errors="0" timestamp="2024-12-10T17:01:21 IST" skipped="0">
  <testcase classname="testScript.RelativeLocotors" name="f" time="4.761"/>
  <system-out/>
</testsuite> <!-- testScript.RelativeLocotors -->
