<?xml version="1.0" encoding="UTF-8"?>
<!-- Generated by org.testng.reporters.JUnitReportReporter -->
<testsuite hostname="selenium22" failures="0" tests="1" name="testScript.JavaScipt" time="8.988" errors="0" timestamp="2024-12-12T12:11:13 IST" skipped="0">
  <testcase classname="testScript.JavaScipt" name="f" time="8.988"/>
  <system-out/>
</testsuite> <!-- testScript.JavaScipt -->
