<?xml version="1.0" encoding="UTF-8"?>
<!-- Generated by org.testng.reporters.JUnitReportReporter -->
<testsuite hostname="selenium22" failures="0" tests="2" name="parallelScripts.SampleTwoTest" time="0.007" errors="0" timestamp="2024-12-13T10:45:05 IST" skipped="0">
  <testcase classname="parallelScripts.SampleTwoTest" name="testThree" time="0.004"/>
  <system-out/>
  <testcase classname="parallelScripts.SampleTwoTest" name="testFour" time="0.003"/>
  <system-out/>
</testsuite> <!-- parallelScripts.SampleTwoTest -->
