<?xml version="1.0" encoding="UTF-8"?>
<!-- Generated by org.testng.reporters.JUnitReportReporter -->
<testsuite hostname="selenium22" failures="0" tests="4" name="groupsScripts.SampleOneTest" time="0.029" errors="0" timestamp="2024-12-13T12:49:40 IST" skipped="0">
  <testcase classname="groupsScripts.SampleOneTest" name="testFour" time="0.018"/>
  <system-out/>
  <testcase classname="groupsScripts.SampleOneTest" name="testTwo" time="0.003"/>
  <system-out/>
  <testcase classname="groupsScripts.SampleOneTest" name="testOne" time="0.006"/>
  <system-out/>
  <testcase classname="groupsScripts.SampleOneTest" name="testThree" time="0.002"/>
  <system-out/>
</testsuite> <!-- groupsScripts.SampleOneTest -->
