<?xml version="1.0" encoding="UTF-8"?>
<!-- Generated by org.testng.reporters.JUnitReportReporter -->
<testsuite hostname="selenium22" failures="0" tests="1" name="testScript.ShodowElement" time="7.641" errors="0" timestamp="2024-12-11T10:20:14 IST" skipped="0">
  <testcase classname="testScript.ShodowElement" name="shodowElement" time="7.641"/>
  <system-out/>
</testsuite> <!-- testScript.ShodowElement -->
