<?xml version="1.0" encoding="UTF-8"?>
<!-- Generated by org.testng.reporters.JUnitReportReporter -->
<testsuite hostname="selenium22" failures="0" tests="1" name="testScript.PopupWindowHandel" time="9.954" errors="0" timestamp="2024-12-11T11:52:29 IST" skipped="0">
  <testcase classname="testScript.PopupWindowHandel" name="windowhandle" time="9.954"/>
  <system-out/>
</testsuite> <!-- testScript.PopupWindowHandel -->
