<?xml version="1.0" encoding="UTF-8"?>
<!-- Generated by org.testng.reporters.JUnitReportReporter -->
<testsuite hostname="selenium22" failures="0" tests="1" name="testScript.DropDown" time="8.642" errors="0" timestamp="2024-12-11T13:23:08 IST" skipped="0">
  <testcase classname="testScript.DropDown" name="dropdowun" time="8.642"/>
  <system-out/>
</testsuite> <!-- testScript.DropDown -->
