<?xml version="1.0" encoding="UTF-8"?>
<!-- Generated by org.testng.reporters.JUnitReportReporter -->
<testsuite hostname="selenium22" failures="0" tests="4" name="groupsScripts.SampleTwoTest" time="0.006" errors="0" timestamp="2024-12-13T12:44:32 IST" skipped="0">
  <testcase classname="groupsScripts.SampleTwoTest" name="testTwo" time="0.002"/>
  <system-out/>
  <testcase classname="groupsScripts.SampleTwoTest" name="testThree" time="0.001"/>
  <system-out/>
  <testcase classname="groupsScripts.SampleTwoTest" name="testOne" time="0.002"/>
  <system-out/>
  <testcase classname="groupsScripts.SampleTwoTest" name="testFour" time="0.001"/>
  <system-out/>
</testsuite> <!-- groupsScripts.SampleTwoTest -->
