<?xml version="1.0" encoding="UTF-8"?>
<!-- Generated by org.testng.reporters.JUnitReportReporter -->
<testsuite hostname="selenium22" failures="0" tests="1" name="testScript.GooglePageTest" time="4.182" errors="0" timestamp="2024-12-12T12:33:50 IST" skipped="0">
  <testcase classname="testScript.GooglePageTest" name="seleniumSearchTest" time="4.182"/>
  <system-out/>
</testsuite> <!-- testScript.GooglePageTest -->
