<?xml version="1.0" encoding="UTF-8"?>
<!-- Generated by org.testng.reporters.JUnitReportReporter -->
<testsuite hostname="selenium22" failures="0" tests="1" name="testScript.Wait" time="20.569" errors="0" timestamp="2024-12-12T10:59:38 IST" skipped="0">
  <testcase classname="testScript.Wait" name="f" time="20.569"/>
  <system-out/>
</testsuite> <!-- testScript.Wait -->
