<?xml version="1.0" encoding="UTF-8"?>
<!-- Generated by org.testng.reporters.JUnitReportReporter -->
<testsuite hostname="selenium22" failures="0" tests="7" name="parallelScript.SamplOneTest$LoginTest$SampleOneTest" time="0.099" errors="0" timestamp="2024-12-13T13:20:20 IST" skipped="0">
  <testcase classname="parallelScript.SamplOneTest$LoginTest$SampleOneTest" name="testOne" time="0.019"/>
  <system-out/>
  <testcase classname="parallelScript.SamplOneTest$LoginTest$SampleOneTest" name="testOne" time="0.020"/>
  <system-out/>
  <testcase classname="parallelScript.SamplOneTest$LoginTest$SampleOneTest" name="testThree" time="0.006"/>
  <system-out/>
  <testcase classname="parallelScript.SamplOneTest$LoginTest$SampleOneTest" name="testTwo" time="0.010"/>
  <system-out/>
  <testcase classname="parallelScript.SamplOneTest$LoginTest$SampleOneTest" name="testOne" time="0.012"/>
  <system-out/>
  <testcase classname="parallelScript.SamplOneTest$LoginTest$SampleOneTest" name="testOne" time="0.010"/>
  <system-out/>
  <testcase classname="parallelScript.SamplOneTest$LoginTest$SampleOneTest" name="testFour" time="0.022"/>
  <system-out/>
</testsuite> <!-- parallelScript.SamplOneTest$LoginTest$SampleOneTest -->
