<?xml version="1.0" encoding="UTF-8"?>
<!-- Generated by org.testng.reporters.JUnitReportReporter -->
<testsuite hostname="selenium22" failures="0" tests="2" name="parallelScripts.SampleOneTest" time="0.032" errors="0" timestamp="2024-12-13T10:45:05 IST" skipped="0">
  <testcase classname="parallelScripts.SampleOneTest" name="testThree" time="0.009"/>
  <system-out/>
  <testcase classname="parallelScripts.SampleOneTest" name="testFour" time="0.023"/>
  <system-out/>
</testsuite> <!-- parallelScripts.SampleOneTest -->
