<?xml version="1.0" encoding="UTF-8"?>
<!-- Generated by org.testng.reporters.JUnitReportReporter -->
<testsuite hostname="selenium22" failures="0" tests="1" name="testScript.NewTest" time="7.586" errors="0" timestamp="2024-12-16T11:14:33 IST" skipped="0">
  <testcase classname="testScript.NewTest" name="SeleniumSearch" time="7.586"/>
  <system-out/>
</testsuite> <!-- testScript.NewTest -->
