<?xml version="1.0" encoding="UTF-8"?>
<!-- Generated by org.testng.reporters.JUnitReportReporter -->
<testsuite hostname="selenium22" failures="0" tests="1" name="testScript.Alert" time="9.438" errors="0" timestamp="2024-12-11T10:26:31 IST" skipped="0">
  <testcase classname="testScript.Alert" name="variousAlert" time="9.438"/>
  <system-out/>
</testsuite> <!-- testScript.Alert -->
