<?xml version="1.0" encoding="UTF-8"?>
<!-- Generated by org.testng.reporters.JUnitReportReporter -->
<testsuite hostname="selenium22" failures="0" tests="4" name="parallelScript.SampleTwoTest" time="0.032" errors="0" timestamp="2024-12-13T13:18:40 IST" skipped="0">
  <testcase classname="parallelScript.SampleTwoTest" name="testThree" time="0.002"/>
  <system-out/>
  <testcase classname="parallelScript.SampleTwoTest" name="testTwo" time="0.003"/>
  <system-out/>
  <testcase classname="parallelScript.SampleTwoTest" name="testFour" time="0.014"/>
  <system-out/>
  <testcase classname="parallelScript.SampleTwoTest" name="testOne" time="0.013"/>
  <system-out/>
</testsuite> <!-- parallelScript.SampleTwoTest -->
