<?xml version="1.0" encoding="UTF-8"?>
<!-- Generated by org.testng.reporters.JUnitReportReporter -->
<testsuite hostname="selenium22" failures="0" tests="1" name="testScript.RelativeLocotors" time="4.635" errors="0" timestamp="2024-12-13T12:44:32 IST" skipped="0">
  <testcase classname="testScript.RelativeLocotors" name="f" time="4.635"/>
  <system-out/>
</testsuite> <!-- testScript.RelativeLocotors -->
