<?xml version="1.0" encoding="UTF-8"?>
<!-- Generated by org.testng.reporters.JUnitReportReporter -->
<testsuite hostname="selenium22" failures="0" tests="4" name="parallelScript.SamplOneTest$SampleOneTest" time="0.043" errors="0" timestamp="2024-12-13T12:57:30 IST" skipped="0">
  <testcase classname="parallelScript.SamplOneTest$SampleOneTest" name="testFour" time="0.029"/>
  <system-out/>
  <testcase classname="parallelScript.SamplOneTest$SampleOneTest" name="testOne" time="0.003"/>
  <system-out/>
  <testcase classname="parallelScript.SamplOneTest$SampleOneTest" name="testTwo" time="0.005"/>
  <system-out/>
  <testcase classname="parallelScript.SamplOneTest$SampleOneTest" name="testThree" time="0.006"/>
  <system-out/>
</testsuite> <!-- parallelScript.SamplOneTest$SampleOneTest -->
