<?xml version="1.0" encoding="UTF-8"?>
<!-- Generated by org.testng.reporters.JUnitReportReporter -->
<testsuite hostname="selenium22" failures="0" tests="1" name="testScript.Sample" time="4.781" errors="0" timestamp="2024-12-10T10:41:45 IST" skipped="0">
  <testcase classname="testScript.Sample" name="seleniumTest" time="4.781"/>
  <system-out/>
</testsuite> <!-- testScript.Sample -->
