<?xml version="1.0" encoding="UTF-8"?>
<!-- Generated by org.testng.reporters.JUnitReportReporter -->
<testsuite hostname="selenium22" failures="0" tests="1" name="testScript.CDPTest" time="8.617" errors="0" timestamp="2024-12-17T13:27:31 IST" skipped="0">
  <testcase classname="testScript.CDPTest" name="geoLocationTest" time="8.617"/>
  <system-out/>
</testsuite> <!-- testScript.CDPTest -->
