<?xml version="1.0" encoding="UTF-8"?>
<!-- Generated by org.testng.reporters.JUnitReportReporter -->
<testsuite hostname="selenium22" failures="0" tests="4" name="parallelScripts.SampleThreeTest" time="0.014" errors="0" timestamp="2024-12-13T10:45:05 IST" skipped="0">
  <testcase classname="parallelScripts.SampleThreeTest" name="testOne" time="0.003"/>
  <system-out/>
  <testcase classname="parallelScripts.SampleThreeTest" name="testFour" time="0.003"/>
  <system-out/>
  <testcase classname="parallelScripts.SampleThreeTest" name="testTwo" time="0.003"/>
  <system-out/>
  <testcase classname="parallelScripts.SampleThreeTest" name="testThree" time="0.005"/>
  <system-out/>
</testsuite> <!-- parallelScripts.SampleThreeTest -->
