<?xml version="1.0" encoding="UTF-8"?>
<!-- Generated by org.testng.reporters.JUnitReportReporter -->
<testsuite hostname="selenium22" failures="0" tests="1" name="testScript.GooglePageTest" time="5.023" errors="0" timestamp="2024-12-10T12:57:31 IST" skipped="0">
  <testcase classname="testScript.GooglePageTest" name="seleniumSearchTest" time="5.023"/>
  <system-out/>
</testsuite> <!-- testScript.GooglePageTest -->
