<?xml version="1.0" encoding="UTF-8"?>
<!-- Generated by org.testng.reporters.JUnitReportReporter -->
<testsuite hostname="selenium22" failures="0" tests="1" name="testScript.isDisplayed" time="9.278" errors="0" timestamp="2024-12-10T14:54:34 IST" skipped="0">
  <testcase classname="testScript.isDisplayed" name="displayElement" time="9.278"/>
  <system-out/>
</testsuite> <!-- testScript.isDisplayed -->
