<?xml version="1.0" encoding="UTF-8"?>
<!-- Generated by org.testng.reporters.JUnitReportReporter -->
<testsuite hostname="selenium22" failures="0" tests="4" name="parallelScript.SampleThreeTest" time="0.006" errors="0" timestamp="2024-12-13T12:44:32 IST" skipped="0">
  <testcase classname="parallelScript.SampleThreeTest" name="testTwo" time="0.001"/>
  <system-out/>
  <testcase classname="parallelScript.SampleThreeTest" name="testFour" time="0.003"/>
  <system-out/>
  <testcase classname="parallelScript.SampleThreeTest" name="testThree" time="0.001"/>
  <system-out/>
  <testcase classname="parallelScript.SampleThreeTest" name="testOne" time="0.001"/>
  <system-out/>
</testsuite> <!-- parallelScript.SampleThreeTest -->
