<?xml version="1.0" encoding="UTF-8"?>
<!-- Generated by org.testng.reporters.JUnitReportReporter -->
<testsuite hostname="selenium22" failures="0" tests="1" name="testScript.Sample" time="3.022" errors="0" timestamp="2024-12-13T12:44:32 IST" skipped="0">
  <testcase classname="testScript.Sample" name="seleniumTest" time="3.022"/>
  <system-out/>
</testsuite> <!-- testScript.Sample -->
