<?xml version="1.0" encoding="UTF-8"?>
<!-- Generated by org.testng.reporters.JUnitReportReporter -->
<testsuite hostname="selenium22" failures="0" tests="1" name="testScript.Iframe" time="9.553" errors="0" timestamp="2024-12-11T12:43:29 IST" skipped="0">
  <testcase classname="testScript.Iframe" name="window_iframe" time="9.553"/>
  <system-out/>
</testsuite> <!-- testScript.Iframe -->
