<?xml version="1.0" encoding="UTF-8"?>
<!-- Generated by org.testng.reporters.JUnitReportReporter -->
<testsuite hostname="selenium22" failures="0" tests="3" name="TestScript.PlaceOrderTest" time="1.932" errors="0" timestamp="2024-12-19T11:29:40 IST" skipped="0">
  <testcase classname="TestScript.PlaceOrderTest" name="loginTest" time="0.615"/>
  <system-out/>
  <testcase classname="TestScript.PlaceOrderTest" name="addItemTest" time="0.437"/>
  <system-out/>
  <testcase classname="TestScript.PlaceOrderTest" name="checkOutPageCart" time="0.880"/>
  <system-out/>
</testsuite> <!-- TestScript.PlaceOrderTest -->
